<?xml version="1.0" encoding="UTF-8"?>
<!-- Generated by org.testng.reporters.JUnitReportReporter -->
<testsuite hostname="AJV2-PC" name="calculate" tests="1" failures="0" timestamp="17 Jul 2013 21:56:20 GMT" time="0.011" errors="0">
  <testcase name="perform" time="0.011" classname="calculate"/>
</testsuite> <!-- calculate -->
