<?xml version="1.0" encoding="UTF-8"?>
<!-- Generated by org.testng.reporters.JUnitReportReporter -->
<testsuite hostname="AJV2-PC" name="calculate" tests="1" failures="0" timestamp="17 Jul 2013 22:21:24 GMT" time="0.010" errors="0">
  <testcase name="perform" time="0.010" classname="calculate"/>
</testsuite> <!-- calculate -->
